<!DOCTYPE html>
<html>
  <head>
    <meta charset="utf-8"/>
    <title>report.html</title>
    <link href="assets/style.css" rel="stylesheet" type="text/css"/></head>
  <body onLoad="init()">
    <script>/* This Source Code Form is subject to the terms of the Mozilla Public
 * License, v. 2.0. If a copy of the MPL was not distributed with this file,
 * You can obtain one at http://mozilla.org/MPL/2.0/. */


function toArray(iter) {
    if (iter === null) {
        return null;
    }
    return Array.prototype.slice.call(iter);
}

function find(selector, elem) { // eslint-disable-line no-redeclare
    if (!elem) {
        elem = document;
    }
    return elem.querySelector(selector);
}

function findAll(selector, elem) {
    if (!elem) {
        elem = document;
    }
    return toArray(elem.querySelectorAll(selector));
}

function sortColumn(elem) {
    toggleSortStates(elem);
    const colIndex = toArray(elem.parentNode.childNodes).indexOf(elem);
    let key;
    if (elem.classList.contains('result')) {
        key = keyResult;
    } else if (elem.classList.contains('links')) {
        key = keyLink;
    } else {
        key = keyAlpha;
    }
    sortTable(elem, key(colIndex));
}

function showAllExtras() { // eslint-disable-line no-unused-vars
    findAll('.col-result').forEach(showExtras);
}

function hideAllExtras() { // eslint-disable-line no-unused-vars
    findAll('.col-result').forEach(hideExtras);
}

function showExtras(colresultElem) {
    const extras = colresultElem.parentNode.nextElementSibling;
    const expandcollapse = colresultElem.firstElementChild;
    extras.classList.remove('collapsed');
    expandcollapse.classList.remove('expander');
    expandcollapse.classList.add('collapser');
}

function hideExtras(colresultElem) {
    const extras = colresultElem.parentNode.nextElementSibling;
    const expandcollapse = colresultElem.firstElementChild;
    extras.classList.add('collapsed');
    expandcollapse.classList.remove('collapser');
    expandcollapse.classList.add('expander');
}

function showFilters() {
    let visibleString = getQueryParameter('visible') || 'all';
    visibleString = visibleString.toLowerCase();
    const checkedItems = visibleString.split(',');

    const filterItems = document.getElementsByClassName('filter');
    for (let i = 0; i < filterItems.length; i++) {
        filterItems[i].hidden = false;

        if (visibleString != 'all') {
            filterItems[i].checked = checkedItems.includes(filterItems[i].getAttribute('data-test-result'));
            filterTable(filterItems[i]);
        }
    }
}

function addCollapse() {
    // Add links for show/hide all
    const resulttable = find('table#results-table');
    const showhideall = document.createElement('p');
    showhideall.innerHTML = '<a href="javascript:showAllExtras()">Show all details</a> / ' +
                            '<a href="javascript:hideAllExtras()">Hide all details</a>';
    resulttable.parentElement.insertBefore(showhideall, resulttable);

    // Add show/hide link to each result
    findAll('.col-result').forEach(function(elem) {
        const collapsed = getQueryParameter('collapsed') || 'Passed';
        const extras = elem.parentNode.nextElementSibling;
        const expandcollapse = document.createElement('span');
        if (extras.classList.contains('collapsed')) {
            expandcollapse.classList.add('expander');
        } else if (collapsed.includes(elem.innerHTML)) {
            extras.classList.add('collapsed');
            expandcollapse.classList.add('expander');
        } else {
            expandcollapse.classList.add('collapser');
        }
        elem.appendChild(expandcollapse);

        elem.addEventListener('click', function(event) {
            if (event.currentTarget.parentNode.nextElementSibling.classList.contains('collapsed')) {
                showExtras(event.currentTarget);
            } else {
                hideExtras(event.currentTarget);
            }
        });
    });
}

function getQueryParameter(name) {
    const match = RegExp('[?&]' + name + '=([^&]*)').exec(window.location.search);
    return match && decodeURIComponent(match[1].replace(/\+/g, ' '));
}

function init () { // eslint-disable-line no-unused-vars
    resetSortHeaders();

    addCollapse();

    showFilters();

    sortColumn(find('.initial-sort'));

    findAll('.sortable').forEach(function(elem) {
        elem.addEventListener('click',
            function() {
                sortColumn(elem);
            }, false);
    });
}

function sortTable(clicked, keyFunc) {
    const rows = findAll('.results-table-row');
    const reversed = !clicked.classList.contains('asc');
    const sortedRows = sort(rows, keyFunc, reversed);
    /* Whole table is removed here because browsers acts much slower
     * when appending existing elements.
     */
    const thead = document.getElementById('results-table-head');
    document.getElementById('results-table').remove();
    const parent = document.createElement('table');
    parent.id = 'results-table';
    parent.appendChild(thead);
    sortedRows.forEach(function(elem) {
        parent.appendChild(elem);
    });
    document.getElementsByTagName('BODY')[0].appendChild(parent);
}

function sort(items, keyFunc, reversed) {
    const sortArray = items.map(function(item, i) {
        return [keyFunc(item), i];
    });

    sortArray.sort(function(a, b) {
        const keyA = a[0];
        const keyB = b[0];

        if (keyA == keyB) return 0;

        if (reversed) {
            return keyA < keyB ? 1 : -1;
        } else {
            return keyA > keyB ? 1 : -1;
        }
    });

    return sortArray.map(function(item) {
        const index = item[1];
        return items[index];
    });
}

function keyAlpha(colIndex) {
    return function(elem) {
        return elem.childNodes[1].childNodes[colIndex].firstChild.data.toLowerCase();
    };
}

function keyLink(colIndex) {
    return function(elem) {
        const dataCell = elem.childNodes[1].childNodes[colIndex].firstChild;
        return dataCell == null ? '' : dataCell.innerText.toLowerCase();
    };
}

function keyResult(colIndex) {
    return function(elem) {
        const strings = ['Error', 'Failed', 'Rerun', 'XFailed', 'XPassed',
            'Skipped', 'Passed'];
        return strings.indexOf(elem.childNodes[1].childNodes[colIndex].firstChild.data);
    };
}

function resetSortHeaders() {
    findAll('.sort-icon').forEach(function(elem) {
        elem.parentNode.removeChild(elem);
    });
    findAll('.sortable').forEach(function(elem) {
        const icon = document.createElement('div');
        icon.className = 'sort-icon';
        icon.textContent = 'vvv';
        elem.insertBefore(icon, elem.firstChild);
        elem.classList.remove('desc', 'active');
        elem.classList.add('asc', 'inactive');
    });
}

function toggleSortStates(elem) {
    //if active, toggle between asc and desc
    if (elem.classList.contains('active')) {
        elem.classList.toggle('asc');
        elem.classList.toggle('desc');
    }

    //if inactive, reset all other functions and add ascending active
    if (elem.classList.contains('inactive')) {
        resetSortHeaders();
        elem.classList.remove('inactive');
        elem.classList.add('active');
    }
}

function isAllRowsHidden(value) {
    return value.hidden == false;
}

function filterTable(elem) { // eslint-disable-line no-unused-vars
    const outcomeAtt = 'data-test-result';
    const outcome = elem.getAttribute(outcomeAtt);
    const classOutcome = outcome + ' results-table-row';
    const outcomeRows = document.getElementsByClassName(classOutcome);

    for(let i = 0; i < outcomeRows.length; i++){
        outcomeRows[i].hidden = !elem.checked;
    }

    const rows = findAll('.results-table-row').filter(isAllRowsHidden);
    const allRowsHidden = rows.length == 0 ? true : false;
    const notFoundMessage = document.getElementById('not-found-message');
    notFoundMessage.hidden = !allRowsHidden;
}
</script>
    <h1>report.html</h1>
    <p>Report generated on 08-Dec-2024 at 20:23:52 by <a href="https://pypi.python.org/pypi/pytest-html">pytest-html</a> v3.2.0</p>
    <h2>Summary</h2>
    <p>35 tests ran in 785.62 seconds. </p>
    <p class="filter" hidden="true">(Un)check the boxes to filter the results.</p><input checked="true" class="filter" data-test-result="passed" hidden="true" name="filter_checkbox" onChange="filterTable(this)" type="checkbox"/><span class="passed">29 passed</span>, <input checked="true" class="filter" data-test-result="skipped" disabled="true" hidden="true" name="filter_checkbox" onChange="filterTable(this)" type="checkbox"/><span class="skipped">0 skipped</span>, <input checked="true" class="filter" data-test-result="failed" hidden="true" name="filter_checkbox" onChange="filterTable(this)" type="checkbox"/><span class="failed">6 failed</span>, <input checked="true" class="filter" data-test-result="error" disabled="true" hidden="true" name="filter_checkbox" onChange="filterTable(this)" type="checkbox"/><span class="error">0 errors</span>, <input checked="true" class="filter" data-test-result="xfailed" disabled="true" hidden="true" name="filter_checkbox" onChange="filterTable(this)" type="checkbox"/><span class="xfailed">0 expected failures</span>, <input checked="true" class="filter" data-test-result="xpassed" disabled="true" hidden="true" name="filter_checkbox" onChange="filterTable(this)" type="checkbox"/><span class="xpassed">0 unexpected passes</span>
    <h2>Results</h2>
    <table id="results-table">
      <thead id="results-table-head">
        <tr>
          <th class="sortable result initial-sort" col="result">Result</th>
          <th class="sortable" col="name">Test</th>
          <th class="sortable" col="duration">Duration</th>
          <th class="sortable links" col="links">Links</th></tr>
        <tr hidden="true" id="not-found-message">
          <th colspan="4">No results found. Try to check the filters</th></tr></thead>
      <tbody class="failed results-table-row">
        <tr>
          <td class="col-result">Failed</td>
          <td class="col-name">test_Form_Submission.py::test_registration_speciall</td>
          <td class="col-duration">21.26</td>
          <td class="col-links"></td></tr>
        <tr>
          <td class="extra" colspan="4">
            <div class="log">driver = &lt;selenium.webdriver.firefox.webdriver.WebDriver (session=&quot;6263b6a7-1f63-4999-a4ed-b7d17acac780&quot;)&gt;<br/><br/>    def test_registration_speciall(driver):<br/>        driver.find_element(By.LINK_TEXT, &quot;Register&quot;).click()<br/>        time.sleep(2)<br/>        driver.find_element(By.NAME, &quot;cust_name&quot;).send_keys(&quot;testuser&quot;)<br/>        driver.find_element(By.NAME,&quot;cust_cname&quot;).send_keys(&quot;ABC Company&quot;)<br/>        driver.find_element(By.NAME, &quot;cust_email&quot;).send_keys(&quot;testuser3@example.com&quot;)<br/>        driver.find_element(By.NAME, &quot;cust_phone&quot;).send_keys(&quot;039738@@@@@@!!!!!37&quot;)<br/>        driver.find_element(By.NAME, &quot;cust_address&quot;).send_keys(&quot;123 Main St&quot;)<br/>    <br/>        country_select = driver.find_element(By.XPATH, &quot;/html/body/div[6]/div/div/div/div/form/div/div[2]/div[6]/span/span[1]/span/span[1]&quot;)<br/>        country_select.click()<br/>        time.sleep(1)<br/>    <br/>    <br/>        search_box = driver.find_element(By.CLASS_NAME, &quot;select2-search__field&quot;)<br/>    <br/>    <br/>        search_box.send_keys(&quot;Vietnam&quot;)<br/>        search_box.send_keys(Keys.RETURN)<br/>        driver.find_element(By.NAME, &quot;cust_city&quot;).send_keys(&quot;Ho Chi Minh&quot;)<br/>        driver.find_element(By.NAME, &quot;cust_state&quot;).send_keys(&quot;Mien Nam&quot;)<br/>        driver.find_element(By.NAME, &quot;cust_zip&quot;).send_keys(&quot;112233&quot;)<br/>        driver.find_element(By.NAME, &quot;cust_password&quot;).send_keys(&quot;Password123&quot;)<br/>        driver.find_element(By.NAME, &quot;cust_re_password&quot;).send_keys(&quot;Password123&quot;)<br/>        driver.find_element(By.NAME, &quot;form1&quot;).click()<br/>        time.sleep(5)<br/>&gt;       assert &quot;Invalid phone number.&quot; in driver.page_source<br/><span class="error">E       assert &#x27;Invalid phone number.&#x27; in &#x27;&lt;html lang=&quot;en&quot; style=&quot;&quot; class=&quot; js flexbox flexboxlegacy canvas canvastext webgl no-touch geolocation postmessage no...ant;&quot; frameborder=&quot;0&quot; allowtransparency=&quot;true&quot; scrolling=&quot;no&quot; tabindex=&quot;-1&quot; aria-hidden=&quot;true&quot;&gt;&lt;/iframe&gt;&lt;/body&gt;&lt;/html&gt;&#x27;</span><br/><span class="error">E        +  where &#x27;&lt;html lang=&quot;en&quot; style=&quot;&quot; class=&quot; js flexbox flexboxlegacy canvas canvastext webgl no-touch geolocation postmessage no...ant;&quot; frameborder=&quot;0&quot; allowtransparency=&quot;true&quot; scrolling=&quot;no&quot; tabindex=&quot;-1&quot; aria-hidden=&quot;true&quot;&gt;&lt;/iframe&gt;&lt;/body&gt;&lt;/html&gt;&#x27; = &lt;selenium.webdriver.firefox.webdriver.WebDriver (session=&quot;6263b6a7-1f63-4999-a4ed-b7d17acac780&quot;)&gt;.page_source</span><br/><br/>test_Form_Submission.py:158: AssertionError<br/></div></td></tr></tbody>
      <tbody class="failed results-table-row">
        <tr>
          <td class="col-result">Failed</td>
          <td class="col-name">test_addtocart_checkout.py::test_Paypal_payment</td>
          <td class="col-duration">40.03</td>
          <td class="col-links"></td></tr>
        <tr>
          <td class="extra" colspan="4">
            <div class="log">driver = &lt;selenium.webdriver.firefox.webdriver.WebDriver (session=&quot;b73adc1d-2656-423e-956d-302cea6b952a&quot;)&gt;<br/><br/>    def test_Paypal_payment(driver):<br/>        driver.get(&#x27;http://localhost/Phpcode/eCommerceSite-PHP/login.php&#x27;)<br/>    <br/>        driver.find_element(By.NAME, &quot;cust_email&quot;).send_keys(&quot;testuser@example.com&quot;)<br/>        time.sleep(2)<br/>    <br/>        driver.find_element(By.NAME, &quot;cust_password&quot;).send_keys(&quot;Password123&quot;)<br/>        time.sleep(2)<br/>    <br/>        driver.find_element(By.NAME, &quot;form1&quot;).click()<br/>    <br/>        driver.find_element(By.XPATH, &quot;//button[text()=&#x27;Update Billing and Shipping Info&#x27;]&quot;).click()<br/>        time.sleep(2)<br/>    <br/>        if not is_billing_address_filled(driver):<br/>            update_billing_address(driver)<br/>    <br/>        if not is_shipping_address_filled(driver):<br/>            update_shipping_address(driver)<br/>    <br/>        driver.find_element(By.CLASS_NAME, &quot;btn-primary&quot;).click()<br/>        time.sleep(2)<br/>    <br/>        driver.find_element(By.LINK_TEXT, &quot;Men&quot;).click()<br/>        time.sleep(2)<br/>    <br/>        driver.find_element(By.LINK_TEXT, &quot;Amazfit GTS 3 Smart Watch for Android iPhone&quot;).click()<br/>    <br/>        product_title = driver.find_element(By.CLASS_NAME, &quot;p-title&quot;).text<br/>        time.sleep(2)<br/>    <br/>        qty_input = driver.find_element(By.CSS_SELECTOR, &quot;input.input-text.qty[name=&#x27;p_qty&#x27;]&quot;)<br/>        qty_input.clear()<br/>        qty_input.send_keys(&quot;4&quot;)<br/>        qty = qty_input.get_attribute(&quot;value&quot;)<br/>    <br/>        driver.find_element(By.NAME, &quot;form_add_to_cart&quot;).click()<br/>        time.sleep(2)<br/>    <br/>        driver.find_element(By.XPATH, &quot;//a[contains(text(), &#x27;Cart&#x27;)]&quot;).click()<br/>        time.sleep(2)<br/>    <br/>        table = driver.find_element(By.CLASS_NAME, &quot;table&quot;)<br/>    <br/>        # Go through all the rows in the cart table<br/>        rows = table.find_elements(By.TAG_NAME, &quot;tr&quot;)<br/>    <br/>        # Go through each column in each row<br/>        for row in rows:<br/>            columns = row.find_elements(By.TAG_NAME, &quot;td&quot;)<br/>    <br/>        if len(columns) &gt; 1:<br/>            # Get product&#x27;s name in cart<br/>            product_name_in_cart = columns[2].text<br/>            price_in_cart = columns[5]<br/>            price = int(price_in_cart.text.strip(&#x27;$&#x27;))<br/>            qty_in_cart = columns.find_element(By.NAME, &quot;quantity[]&quot;).get_attribute(&quot;value&quot;)<br/>            total_price_in_cart = columns[7]<br/>            total_price = int(total_price_in_cart.text.strip(&#x27;$&#x27;))<br/>    <br/>            calculated_total_price = price * int(qty_in_cart)<br/>    <br/>            assert product_title == product_name_in_cart<br/>            assert qty == qty_in_cart<br/>            assert total_price == calculated_total_price<br/>    <br/>        # Click &quot;Proceed to Checkout&quot;<br/>        driver.find_element(By.XPATH, &quot;//a[@href=&#x27;checkout.php&#x27;]&quot;).click()<br/>        time.sleep(2)<br/>    <br/>    <br/>        driver.find_element(By.ID, &quot;select2-advFieldsStatus-container&quot;).click()<br/>    <br/>        paypal_option = driver.find_element(By.XPATH, &quot;//li[contains(text(), &#x27;PayPal&#x27;)]&quot;)<br/>        paypal_option.click()<br/>        time.sleep(2)<br/>    <br/>        # Click &quot;Pay now&quot;<br/>        driver.find_element(By.NAME, &quot;form1&quot;).click()<br/>        time.sleep(2)<br/>    <br/>&gt;       assert &quot;https://www.paypal.com/webapps/shoppingcart/error?flowlogging_id=f7930417dd231&amp;code=GENERIC_ERROR&amp;mfid=1730703263286_f7930417dd231&quot; in driver.current_url<br/><span class="error">E       assert &#x27;https://www.paypal.com/webapps/shoppingcart/error?flowlogging_id=f7930417dd231&amp;code=GENERIC_ERROR&amp;mfid=1730703263286_f7930417dd231&#x27; in &#x27;http://localhost/Phpcode/eCommerceSite-PHP/checkout.php&#x27;</span><br/><span class="error">E        +  where &#x27;http://localhost/Phpcode/eCommerceSite-PHP/checkout.php&#x27; = &lt;selenium.webdriver.firefox.webdriver.WebDriver (session=&quot;b73adc1d-2656-423e-956d-302cea6b952a&quot;)&gt;.current_url</span><br/><br/>test_addtocart_checkout.py:261: AssertionError<br/></div></td></tr></tbody>
      <tbody class="failed results-table-row">
        <tr>
          <td class="col-result">Failed</td>
          <td class="col-name">test_data_validation.py::test_validate_data_with_special_characters</td>
          <td class="col-duration">32.00</td>
          <td class="col-links"></td></tr>
        <tr>
          <td class="extra" colspan="4">
            <div class="log">driver = &lt;selenium.webdriver.firefox.webdriver.WebDriver (session=&quot;495af6d4-ff6c-4040-9b72-6a5d2bf751f7&quot;)&gt;<br/><br/>    def test_validate_data_with_special_characters(driver):<br/>        driver.get(&quot;http://localhost/Phpcode/eCommerceSite-PHP/contact.php&quot;)<br/>        time.sleep(2)<br/>    <br/>        name_field = driver.find_element(By.NAME, &quot;visitor_name&quot;)<br/>        phone_field = driver.find_element(By.NAME, &quot;visitor_phone&quot;)<br/>        email_field = driver.find_element(By.NAME, &quot;visitor_email&quot;)<br/>        message_field = driver.find_element(By.NAME, &quot;visitor_message&quot;)<br/>    <br/>        name_field.clear()<br/>        name_field.send_keys(&quot;!@#$%^&amp;*()&quot;)<br/>        time.sleep(3)<br/>        phone_field.clear()<br/>        phone_field.send_keys(&quot;123-456-7890&quot;)<br/>        time.sleep(3)<br/>        email_field.clear()<br/>        email_field.send_keys(&quot;test@email.com&quot;)<br/>        time.sleep(3)<br/>        message_field.clear()<br/>        message_field.send_keys(&quot;Test message with special characters !@#$%^&amp;*()&quot;)<br/>        time.sleep(3)<br/>        send_message_button = driver.find_element(By.NAME, &quot;form_contact&quot;)<br/>        send_message_button.click()<br/>        time.sleep(5)<br/>    <br/>&gt;       error_message = driver.find_element(By.CSS_SELECTOR, &quot;.error-message&quot;)<br/><br/>test_data_validation.py:29: <br/>_ _ _ _ _ _ _ _ _ _ _ _ _ _ _ _ _ _ _ _ _ _ _ _ _ _ _ _ _ _ _ _ _ _ _ _ _ _ _ _ <br/>..\ecommercesite-php\myenv\lib\site-packages\selenium\webdriver\remote\webdriver.py:739: in find_element<br/>    return self.execute(Command.FIND_ELEMENT, {&quot;using&quot;: by, &quot;value&quot;: value})[&quot;value&quot;]<br/>..\ecommercesite-php\myenv\lib\site-packages\selenium\webdriver\remote\webdriver.py:345: in execute<br/>    self.error_handler.check_response(response)<br/>_ _ _ _ _ _ _ _ _ _ _ _ _ _ _ _ _ _ _ _ _ _ _ _ _ _ _ _ _ _ _ _ _ _ _ _ _ _ _ _ <br/><br/>self = &lt;selenium.webdriver.remote.errorhandler.ErrorHandler object at 0x000001C301BF3C50&gt;<br/>response = {&#x27;status&#x27;: 500, &#x27;value&#x27;: &#x27;{&quot;value&quot;:{&quot;error&quot;:&quot;unexpected alert open&quot;,&quot;message&quot;:&quot;Unexpected alert dialog detected. Perfo....mjs:800:5\\nGeckoDriver.prototype._handleUserPrompts@chrome://remote/content/marionette/driver.sys.mjs:2973:11\\n&quot;}}&#x27;}<br/><br/>    def check_response(self, response: Dict[str, Any]) -&gt; None:<br/>        &quot;&quot;&quot;Checks that a JSON response from the WebDriver does not have an<br/>        error.<br/>    <br/>        :Args:<br/>         - response - The JSON response from the WebDriver server as a dictionary<br/>           object.<br/>    <br/>        :Raises: If the response contains an error message.<br/>        &quot;&quot;&quot;<br/>        status = response.get(&quot;status&quot;, None)<br/>        if not status or status == ErrorCode.SUCCESS:<br/>            return<br/>        value = None<br/>        message = response.get(&quot;message&quot;, &quot;&quot;)<br/>        screen: str = response.get(&quot;screen&quot;, &quot;&quot;)<br/>        stacktrace = None<br/>        if isinstance(status, int):<br/>            value_json = response.get(&quot;value&quot;, None)<br/>            if value_json and isinstance(value_json, str):<br/>                import json<br/>    <br/>                try:<br/>                    value = json.loads(value_json)<br/>                    if len(value) == 1:<br/>                        value = value[&quot;value&quot;]<br/>                    status = value.get(&quot;error&quot;, None)<br/>                    if not status:<br/>                        status = value.get(&quot;status&quot;, ErrorCode.UNKNOWN_ERROR)<br/>                        message = value.get(&quot;value&quot;) or value.get(&quot;message&quot;)<br/>                        if not isinstance(message, str):<br/>                            value = message<br/>                            message = message.get(&quot;message&quot;)<br/>                    else:<br/>                        message = value.get(&quot;message&quot;, None)<br/>                except ValueError:<br/>                    pass<br/>    <br/>        exception_class: Type[WebDriverException]<br/>        e = ErrorCode()<br/>        error_codes = [item for item in dir(e) if not item.startswith(&quot;__&quot;)]<br/>        for error_code in error_codes:<br/>            error_info = getattr(ErrorCode, error_code)<br/>            if isinstance(error_info, list) and status in error_info:<br/>                exception_class = getattr(ExceptionMapping, error_code, WebDriverException)<br/>                break<br/>        else:<br/>            exception_class = WebDriverException<br/>    <br/>        if not value:<br/>            value = response[&quot;value&quot;]<br/>        if isinstance(value, str):<br/>            raise exception_class(value)<br/>        if message == &quot;&quot; and &quot;message&quot; in value:<br/>            message = value[&quot;message&quot;]<br/>    <br/>        screen = None  # type: ignore[assignment]<br/>        if &quot;screen&quot; in value:<br/>            screen = value[&quot;screen&quot;]<br/>    <br/>        stacktrace = None<br/>        st_value = value.get(&quot;stackTrace&quot;) or value.get(&quot;stacktrace&quot;)<br/>        if st_value:<br/>            if isinstance(st_value, str):<br/>                stacktrace = st_value.split(&quot;\n&quot;)<br/>            else:<br/>                stacktrace = []<br/>                try:<br/>                    for frame in st_value:<br/>                        line = frame.get(&quot;lineNumber&quot;, &quot;&quot;)<br/>                        file = frame.get(&quot;fileName&quot;, &quot;&lt;anonymous&gt;&quot;)<br/>                        if line:<br/>                            file = f&quot;{file}:{line}&quot;<br/>                        meth = frame.get(&quot;methodName&quot;, &quot;&lt;anonymous&gt;&quot;)<br/>                        if &quot;className&quot; in frame:<br/>                            meth = f&quot;{frame[&#x27;className&#x27;]}.{meth}&quot;<br/>                        msg = &quot;    at %s (%s)&quot;<br/>                        msg = msg % (meth, file)<br/>                        stacktrace.append(msg)<br/>                except TypeError:<br/>                    pass<br/>        if exception_class == UnexpectedAlertPresentException:<br/>            alert_text = None<br/>            if &quot;data&quot; in value:<br/>                alert_text = value[&quot;data&quot;].get(&quot;text&quot;)<br/>            elif &quot;alert&quot; in value:<br/>                alert_text = value[&quot;alert&quot;].get(&quot;text&quot;)<br/>&gt;           raise exception_class(message, screen, stacktrace, alert_text)  # type: ignore[call-arg]  # mypy is not smart enough here<br/><span class="error">E           selenium.common.exceptions.UnexpectedAlertPresentException: Alert Text: None</span><br/><span class="error">E           Message: Unexpected alert dialog detected. Performed handler &quot;dismiss&quot;. Dialog text: Thank you for sending email. We will contact you shortly.</span><br/><span class="error">E           Stacktrace:</span><br/><span class="error">E           RemoteError@chrome://remote/content/shared/RemoteError.sys.mjs:8:8</span><br/><span class="error">E           WebDriverError@chrome://remote/content/shared/webdriver/Errors.sys.mjs:193:5</span><br/><span class="error">E           UnexpectedAlertOpenError@chrome://remote/content/shared/webdriver/Errors.sys.mjs:800:5</span><br/><span class="error">E           GeckoDriver.prototype._handleUserPrompts@chrome://remote/content/marionette/driver.sys.mjs:2973:11</span><br/><br/>..\ecommercesite-php\myenv\lib\site-packages\selenium\webdriver\remote\errorhandler.py:228: UnexpectedAlertPresentException<br/></div></td></tr></tbody>
      <tbody class="failed results-table-row">
        <tr>
          <td class="col-result">Failed</td>
          <td class="col-name">test_data_validation.py::test_user_registration_min_password</td>
          <td class="col-duration">13.78</td>
          <td class="col-links"></td></tr>
        <tr>
          <td class="extra" colspan="4">
            <div class="log">driver = &lt;selenium.webdriver.firefox.webdriver.WebDriver (session=&quot;0f1200ac-1e2f-4f45-b23b-0d9541c7112e&quot;)&gt;<br/><br/>    def test_user_registration_min_password(driver):<br/>        driver.find_element(By.LINK_TEXT, &quot;Register&quot;).click()<br/>        time.sleep(2)<br/>        driver.find_element(By.NAME, &quot;cust_name&quot;).send_keys(&quot;testuser&quot;)<br/>        driver.find_element(By.NAME,&quot;cust_cname&quot;).send_keys(&quot;ABC Company&quot;)<br/>        driver.find_element(By.NAME, &quot;cust_email&quot;).send_keys(&quot;testuser4@example.com&quot;)<br/>        driver.find_element(By.NAME, &quot;cust_phone&quot;).send_keys(&quot;0397387337&quot;)<br/>        driver.find_element(By.NAME, &quot;cust_address&quot;).send_keys(&quot;123 Main St&quot;)<br/>    <br/>        country_select = driver.find_element(By.XPATH, &quot;/html/body/div[6]/div/div/div/div/form/div/div[2]/div[6]/span/span[1]/span/span[1]&quot;)<br/>        country_select.click()<br/>        time.sleep(1)<br/>    <br/>        country_option = country_select.find_element(By.XPATH, &quot;//option[text()=&#x27;Vietnam&#x27;]&quot;)<br/>&gt;       country_option.click()<br/><br/>test_data_validation.py:47: <br/>_ _ _ _ _ _ _ _ _ _ _ _ _ _ _ _ _ _ _ _ _ _ _ _ _ _ _ _ _ _ _ _ _ _ _ _ _ _ _ _ <br/>..\ecommercesite-php\myenv\lib\site-packages\selenium\webdriver\remote\webelement.py:94: in click<br/>    self._execute(Command.CLICK_ELEMENT)<br/>..\ecommercesite-php\myenv\lib\site-packages\selenium\webdriver\remote\webelement.py:395: in _execute<br/>    return self._parent.execute(command, params)<br/>..\ecommercesite-php\myenv\lib\site-packages\selenium\webdriver\remote\webdriver.py:345: in execute<br/>    self.error_handler.check_response(response)<br/>_ _ _ _ _ _ _ _ _ _ _ _ _ _ _ _ _ _ _ _ _ _ _ _ _ _ _ _ _ _ _ _ _ _ _ _ _ _ _ _ <br/><br/>self = &lt;selenium.webdriver.remote.errorhandler.ErrorHandler object at 0x000001C301C28550&gt;<br/>response = {&#x27;status&#x27;: 400, &#x27;value&#x27;: &#x27;{&quot;value&quot;:{&quot;error&quot;:&quot;element not interactable&quot;,&quot;message&quot;:&quot;Element &lt;option&gt; could not be scroll...ys.mjs:327:29\\nreceiveMessage@chrome://remote/content/marionette/actors/MarionetteCommandsChild.sys.mjs:207:31\\n&quot;}}&#x27;}<br/><br/>    def check_response(self, response: Dict[str, Any]) -&gt; None:<br/>        &quot;&quot;&quot;Checks that a JSON response from the WebDriver does not have an<br/>        error.<br/>    <br/>        :Args:<br/>         - response - The JSON response from the WebDriver server as a dictionary<br/>           object.<br/>    <br/>        :Raises: If the response contains an error message.<br/>        &quot;&quot;&quot;<br/>        status = response.get(&quot;status&quot;, None)<br/>        if not status or status == ErrorCode.SUCCESS:<br/>            return<br/>        value = None<br/>        message = response.get(&quot;message&quot;, &quot;&quot;)<br/>        screen: str = response.get(&quot;screen&quot;, &quot;&quot;)<br/>        stacktrace = None<br/>        if isinstance(status, int):<br/>            value_json = response.get(&quot;value&quot;, None)<br/>            if value_json and isinstance(value_json, str):<br/>                import json<br/>    <br/>                try:<br/>                    value = json.loads(value_json)<br/>                    if len(value) == 1:<br/>                        value = value[&quot;value&quot;]<br/>                    status = value.get(&quot;error&quot;, None)<br/>                    if not status:<br/>                        status = value.get(&quot;status&quot;, ErrorCode.UNKNOWN_ERROR)<br/>                        message = value.get(&quot;value&quot;) or value.get(&quot;message&quot;)<br/>                        if not isinstance(message, str):<br/>                            value = message<br/>                            message = message.get(&quot;message&quot;)<br/>                    else:<br/>                        message = value.get(&quot;message&quot;, None)<br/>                except ValueError:<br/>                    pass<br/>    <br/>        exception_class: Type[WebDriverException]<br/>        e = ErrorCode()<br/>        error_codes = [item for item in dir(e) if not item.startswith(&quot;__&quot;)]<br/>        for error_code in error_codes:<br/>            error_info = getattr(ErrorCode, error_code)<br/>            if isinstance(error_info, list) and status in error_info:<br/>                exception_class = getattr(ExceptionMapping, error_code, WebDriverException)<br/>                break<br/>        else:<br/>            exception_class = WebDriverException<br/>    <br/>        if not value:<br/>            value = response[&quot;value&quot;]<br/>        if isinstance(value, str):<br/>            raise exception_class(value)<br/>        if message == &quot;&quot; and &quot;message&quot; in value:<br/>            message = value[&quot;message&quot;]<br/>    <br/>        screen = None  # type: ignore[assignment]<br/>        if &quot;screen&quot; in value:<br/>            screen = value[&quot;screen&quot;]<br/>    <br/>        stacktrace = None<br/>        st_value = value.get(&quot;stackTrace&quot;) or value.get(&quot;stacktrace&quot;)<br/>        if st_value:<br/>            if isinstance(st_value, str):<br/>                stacktrace = st_value.split(&quot;\n&quot;)<br/>            else:<br/>                stacktrace = []<br/>                try:<br/>                    for frame in st_value:<br/>                        line = frame.get(&quot;lineNumber&quot;, &quot;&quot;)<br/>                        file = frame.get(&quot;fileName&quot;, &quot;&lt;anonymous&gt;&quot;)<br/>                        if line:<br/>                            file = f&quot;{file}:{line}&quot;<br/>                        meth = frame.get(&quot;methodName&quot;, &quot;&lt;anonymous&gt;&quot;)<br/>                        if &quot;className&quot; in frame:<br/>                            meth = f&quot;{frame[&#x27;className&#x27;]}.{meth}&quot;<br/>                        msg = &quot;    at %s (%s)&quot;<br/>                        msg = msg % (meth, file)<br/>                        stacktrace.append(msg)<br/>                except TypeError:<br/>                    pass<br/>        if exception_class == UnexpectedAlertPresentException:<br/>            alert_text = None<br/>            if &quot;data&quot; in value:<br/>                alert_text = value[&quot;data&quot;].get(&quot;text&quot;)<br/>            elif &quot;alert&quot; in value:<br/>                alert_text = value[&quot;alert&quot;].get(&quot;text&quot;)<br/>            raise exception_class(message, screen, stacktrace, alert_text)  # type: ignore[call-arg]  # mypy is not smart enough here<br/>&gt;       raise exception_class(message, screen, stacktrace)<br/><span class="error">E       selenium.common.exceptions.ElementNotInteractableException: Message: Element &lt;option&gt; could not be scrolled into view</span><br/><span class="error">E       Stacktrace:</span><br/><span class="error">E       RemoteError@chrome://remote/content/shared/RemoteError.sys.mjs:8:8</span><br/><span class="error">E       WebDriverError@chrome://remote/content/shared/webdriver/Errors.sys.mjs:193:5</span><br/><span class="error">E       ElementNotInteractableError@chrome://remote/content/shared/webdriver/Errors.sys.mjs:353:5</span><br/><span class="error">E       webdriverClickElement@chrome://remote/content/marionette/interaction.sys.mjs:167:11</span><br/><span class="error">E       interaction.clickElement@chrome://remote/content/marionette/interaction.sys.mjs:136:11</span><br/><span class="error">E       clickElement@chrome://remote/content/marionette/actors/MarionetteCommandsChild.sys.mjs:327:29</span><br/><span class="error">E       receiveMessage@chrome://remote/content/marionette/actors/MarionetteCommandsChild.sys.mjs:207:31</span><br/><br/>..\ecommercesite-php\myenv\lib\site-packages\selenium\webdriver\remote\errorhandler.py:229: ElementNotInteractableException<br/></div></td></tr></tbody>
      <tbody class="failed results-table-row">
        <tr>
          <td class="col-result">Failed</td>
          <td class="col-name">test_reponsive.py::test_layout_rotation_consistency</td>
          <td class="col-duration">18.17</td>
          <td class="col-links"></td></tr>
        <tr>
          <td class="extra" colspan="4">
            <div class="log">driver = &lt;selenium.webdriver.firefox.webdriver.WebDriver (session=&quot;97de6d4e-d265-4ca4-b95a-8305ad04778c&quot;)&gt;<br/><br/>    def test_layout_rotation_consistency(driver):<br/>    <br/>        driver.set_window_size(375, 667)<br/>        time.sleep(3)<br/>        driver.get(&quot;http://localhost/Phpcode/eCommerceSite-PHP/index.php&quot;)<br/>        time.sleep(2)<br/>    <br/>    <br/>        try:<br/>    <br/>            mobile_header = driver.find_element(By.CLASS_NAME, &quot;top&quot;)<br/>            assert mobile_header.is_displayed()<br/>    <br/>            mobile_menu = driver.find_element(By.CLASS_NAME, &quot;menu-mobile&quot;)<br/>            assert mobile_menu.is_displayed()<br/>    <br/>    <br/>            page_width = driver.execute_script(&quot;return window.innerWidth;&quot;)<br/>            assert page_width &lt;= 768<br/>    <br/>    <br/>        except AssertionError as e:<br/>            pytest.fail(f&quot;Mobile layout test failed: {e}&quot;)<br/>    <br/>    <br/>        driver.set_window_size(667, 375)<br/>        time.sleep(2)<br/>    <br/>    <br/>        try:<br/>    <br/>            mobile_header = driver.find_element(By.CLASS_NAME, &quot;top&quot;)<br/>            assert mobile_header.is_displayed()<br/>            mobile_menu = driver.find_element(By.CLASS_NAME, &quot;menu-mobile&quot;)<br/>            assert mobile_menu.is_displayed()<br/>    <br/>            page_width = driver.execute_script(&quot;return window.innerWidth;&quot;)<br/>&gt;           assert page_width &gt; 768<br/><span class="error">E           assert 656 &gt; 768</span><br/><br/>test_reponsive.py:65: AssertionError<br/><br/>During handling of the above exception, another exception occurred:<br/><br/>driver = &lt;selenium.webdriver.firefox.webdriver.WebDriver (session=&quot;97de6d4e-d265-4ca4-b95a-8305ad04778c&quot;)&gt;<br/><br/>    def test_layout_rotation_consistency(driver):<br/>    <br/>        driver.set_window_size(375, 667)<br/>        time.sleep(3)<br/>        driver.get(&quot;http://localhost/Phpcode/eCommerceSite-PHP/index.php&quot;)<br/>        time.sleep(2)<br/>    <br/>    <br/>        try:<br/>    <br/>            mobile_header = driver.find_element(By.CLASS_NAME, &quot;top&quot;)<br/>            assert mobile_header.is_displayed()<br/>    <br/>            mobile_menu = driver.find_element(By.CLASS_NAME, &quot;menu-mobile&quot;)<br/>            assert mobile_menu.is_displayed()<br/>    <br/>    <br/>            page_width = driver.execute_script(&quot;return window.innerWidth;&quot;)<br/>            assert page_width &lt;= 768<br/>    <br/>    <br/>        except AssertionError as e:<br/>            pytest.fail(f&quot;Mobile layout test failed: {e}&quot;)<br/>    <br/>    <br/>        driver.set_window_size(667, 375)<br/>        time.sleep(2)<br/>    <br/>    <br/>        try:<br/>    <br/>            mobile_header = driver.find_element(By.CLASS_NAME, &quot;top&quot;)<br/>            assert mobile_header.is_displayed()<br/>            mobile_menu = driver.find_element(By.CLASS_NAME, &quot;menu-mobile&quot;)<br/>            assert mobile_menu.is_displayed()<br/>    <br/>            page_width = driver.execute_script(&quot;return window.innerWidth;&quot;)<br/>            assert page_width &gt; 768<br/>    <br/>        except AssertionError as e:<br/>&gt;           pytest.fail(f&quot;Mobile layout test failed: {e}&quot;)<br/><span class="error">E           Failed: Mobile layout test failed: assert 656 &gt; 768</span><br/><br/>test_reponsive.py:68: Failed<br/></div></td></tr></tbody>
      <tbody class="failed results-table-row">
        <tr>
          <td class="col-result">Failed</td>
          <td class="col-name">test_search.py::test_search_history</td>
          <td class="col-duration">18.45</td>
          <td class="col-links"></td></tr>
        <tr>
          <td class="extra" colspan="4">
            <div class="log">driver = &lt;selenium.webdriver.firefox.webdriver.WebDriver (session=&quot;9c80189c-4a71-41ed-9b02-db553d2a14f4&quot;)&gt;<br/><br/>    def test_search_history(driver):<br/>        # Step 1: Navigate to the homepage<br/>        driver.get(&quot;http://localhost/Phpcode/eCommerceSite-PHP/index.php&quot;)<br/>        time.sleep(2)  # Wait for the page to load<br/>    <br/>        # Step 2: Perform several searches<br/>        search_box = driver.find_element(By.NAME, &quot;search_text&quot;)<br/>    <br/>        # Perform the first search<br/>        search_box = driver.find_element(By.NAME, &quot;search_text&quot;)<br/>        search_box.clear()<br/>        search_box.send_keys(&quot;MEN&#x27;S ULTRA COTTON T-SHIRT, MULTIPACK&quot;)<br/>        search_box.send_keys(Keys.RETURN)<br/>        time.sleep(2)  # Wait for results to load<br/>    <br/>        # Perform the second search<br/>        search_box = driver.find_element(By.NAME, &quot;search_text&quot;)<br/>        search_box.clear()<br/>        search_box.send_keys(&quot;WOMEN&#x27;S COTTON T-SHIRT, MULTIPACK&quot;)<br/>        search_box.send_keys(Keys.RETURN)<br/>        time.sleep(2)  # Wait for results to load<br/>    <br/>        # Perform the third search<br/>        search_box = driver.find_element(By.NAME, &quot;search_text&quot;)<br/>        search_box.clear()<br/>        search_box.send_keys(&quot;KIDS&#x27; T-SHIRT, MULTIPACK&quot;)<br/>        search_box.send_keys(Keys.RETURN)<br/>        time.sleep(2)  # Wait for results to load<br/>    <br/>        # Step 3: Select the search bar to check for search history<br/>        search_box = driver.find_element(By.NAME, &quot;search_text&quot;)  # Refetch the search box element<br/>        search_box.click()  # Click on the search bar<br/>    <br/>        # Step 4: Verify previous searches are displayed (access history)<br/>        search_history = driver.find_elements(By.CSS_SELECTOR, &quot;.select2-results__option&quot;)  # Locate the search history dropdown<br/>    <br/>        # Assert that the previous search terms are in the search history<br/>        previous_search_terms = [&quot;MEN&#x27;S ULTRA COTTON T-SHIRT, MULTIPACK&quot;, &quot;WOMEN&#x27;S COTTON T-SHIRT, MULTIPACK&quot;, &quot;KIDS&#x27; T-SHIRT, MULTIPACK&quot;]<br/>    <br/>        for term in previous_search_terms:<br/>&gt;           assert any(term in history.text for history in search_history), f&quot;Search term &#x27;{term}&#x27; not found in history&quot;<br/><span class="error">E           AssertionError: Search term &#x27;MEN&#x27;S ULTRA COTTON T-SHIRT, MULTIPACK&#x27; not found in history</span><br/><span class="error">E           assert False</span><br/><span class="error">E            +  where False = any(&lt;generator object test_search_history.&lt;locals&gt;.&lt;genexpr&gt; at 0x000001C301C5D408&gt;)</span><br/><br/>test_search.py:92: AssertionError<br/></div></td></tr></tbody>
      <tbody class="passed results-table-row">
        <tr>
          <td class="col-result">Passed</td>
          <td class="col-name">test_Form_Submission.py::test_user_registration</td>
          <td class="col-duration">23.17</td>
          <td class="col-links"></td></tr>
        <tr>
          <td class="extra" colspan="4">
            <div class="empty log">No log output captured.</div></td></tr></tbody>
      <tbody class="passed results-table-row">
        <tr>
          <td class="col-result">Passed</td>
          <td class="col-name">test_Form_Submission.py::test_register_empty</td>
          <td class="col-duration">19.97</td>
          <td class="col-links"></td></tr>
        <tr>
          <td class="extra" colspan="4">
            <div class="empty log">No log output captured.</div></td></tr></tbody>
      <tbody class="passed results-table-row">
        <tr>
          <td class="col-result">Passed</td>
          <td class="col-name">test_Form_Submission.py::test_registration_error_messages</td>
          <td class="col-duration">17.17</td>
          <td class="col-links"></td></tr>
        <tr>
          <td class="extra" colspan="4">
            <div class="empty log">No log output captured.</div></td></tr></tbody>
      <tbody class="passed results-table-row">
        <tr>
          <td class="col-result">Passed</td>
          <td class="col-name">test_Form_Submission.py::test_registration_max_username</td>
          <td class="col-duration">21.76</td>
          <td class="col-links"></td></tr>
        <tr>
          <td class="extra" colspan="4">
            <div class="empty log">No log output captured.</div></td></tr></tbody>
      <tbody class="passed results-table-row">
        <tr>
          <td class="col-result">Passed</td>
          <td class="col-name">test_Navigation.py::test_navigation_home</td>
          <td class="col-duration">17.92</td>
          <td class="col-links"></td></tr>
        <tr>
          <td class="extra" colspan="4">
            <div class="empty log">No log output captured.</div></td></tr></tbody>
      <tbody class="passed results-table-row">
        <tr>
          <td class="col-result">Passed</td>
          <td class="col-name">test_Navigation.py::test_navigation_home_About_Us</td>
          <td class="col-duration">15.84</td>
          <td class="col-links"></td></tr>
        <tr>
          <td class="extra" colspan="4">
            <div class="empty log">No log output captured.</div></td></tr></tbody>
      <tbody class="passed results-table-row">
        <tr>
          <td class="col-result">Passed</td>
          <td class="col-name">test_Navigation.py::test_navigate_back_to_previous_page</td>
          <td class="col-duration">18.12</td>
          <td class="col-links"></td></tr>
        <tr>
          <td class="extra" colspan="4">
            <div class="empty log">No log output captured.</div></td></tr></tbody>
      <tbody class="passed results-table-row">
        <tr>
          <td class="col-result">Passed</td>
          <td class="col-name">test_Navigation.py::test_reload_current_page</td>
          <td class="col-duration">15.08</td>
          <td class="col-links"></td></tr>
        <tr>
          <td class="extra" colspan="4">
            <div class="empty log">No log output captured.</div></td></tr></tbody>
      <tbody class="passed results-table-row">
        <tr>
          <td class="col-result">Passed</td>
          <td class="col-name">test_Navigation.py::test_navigation_via_site_logo</td>
          <td class="col-duration">15.25</td>
          <td class="col-links"></td></tr>
        <tr>
          <td class="extra" colspan="4">
            <div class="empty log">No log output captured.</div></td></tr></tbody>
      <tbody class="passed results-table-row">
        <tr>
          <td class="col-result">Passed</td>
          <td class="col-name">test_Navigation.py::test_navigate_to_search_results_page</td>
          <td class="col-duration">16.05</td>
          <td class="col-links"></td></tr>
        <tr>
          <td class="extra" colspan="4">
            <div class="empty log">No log output captured.</div></td></tr></tbody>
      <tbody class="passed results-table-row">
        <tr>
          <td class="col-result">Passed</td>
          <td class="col-name">test_addtocart_checkout.py::test_add_product_to_cart</td>
          <td class="col-duration">18.48</td>
          <td class="col-links"></td></tr>
        <tr>
          <td class="extra" colspan="4">
            <div class="empty log">No log output captured.</div></td></tr></tbody>
      <tbody class="passed results-table-row">
        <tr>
          <td class="col-result">Passed</td>
          <td class="col-name">test_addtocart_checkout.py::test_remove_product_from_cart</td>
          <td class="col-duration">18.17</td>
          <td class="col-links"></td></tr>
        <tr>
          <td class="extra" colspan="4">
            <div class="empty log">No log output captured.</div></td></tr></tbody>
      <tbody class="passed results-table-row">
        <tr>
          <td class="col-result">Passed</td>
          <td class="col-name">test_addtocart_checkout.py::test_update_item_quantity_in_cart</td>
          <td class="col-duration">18.06</td>
          <td class="col-links"></td></tr>
        <tr>
          <td class="extra" colspan="4">
            <div class="empty log">No log output captured.</div></td></tr></tbody>
      <tbody class="passed results-table-row">
        <tr>
          <td class="col-result">Passed</td>
          <td class="col-name">test_addtocart_checkout.py::test_bankDeposit_payment</td>
          <td class="col-duration">41.57</td>
          <td class="col-links"></td></tr>
        <tr>
          <td class="extra" colspan="4">
            <div class="empty log">No log output captured.</div></td></tr></tbody>
      <tbody class="passed results-table-row">
        <tr>
          <td class="col-result">Passed</td>
          <td class="col-name">test_login_logout.py::test_user_login</td>
          <td class="col-duration">14.69</td>
          <td class="col-links"></td></tr>
        <tr>
          <td class="extra" colspan="4">
            <div class="empty log">No log output captured.</div></td></tr></tbody>
      <tbody class="passed results-table-row">
        <tr>
          <td class="col-result">Passed</td>
          <td class="col-name">test_login_logout.py::test_user_invalid_login_pass</td>
          <td class="col-duration">15.31</td>
          <td class="col-links"></td></tr>
        <tr>
          <td class="extra" colspan="4">
            <div class="empty log">No log output captured.</div></td></tr></tbody>
      <tbody class="passed results-table-row">
        <tr>
          <td class="col-result">Passed</td>
          <td class="col-name">test_login_logout.py::test_user_invalid_login_email</td>
          <td class="col-duration">14.68</td>
          <td class="col-links"></td></tr>
        <tr>
          <td class="extra" colspan="4">
            <div class="empty log">No log output captured.</div></td></tr></tbody>
      <tbody class="passed results-table-row">
        <tr>
          <td class="col-result">Passed</td>
          <td class="col-name">test_login_logout.py::test_user_empty_login</td>
          <td class="col-duration">14.98</td>
          <td class="col-links"></td></tr>
        <tr>
          <td class="extra" colspan="4">
            <div class="empty log">No log output captured.</div></td></tr></tbody>
      <tbody class="passed results-table-row">
        <tr>
          <td class="col-result">Passed</td>
          <td class="col-name">test_login_logout.py::test_user_logout</td>
          <td class="col-duration">18.11</td>
          <td class="col-links"></td></tr>
        <tr>
          <td class="extra" colspan="4">
            <div class="empty log">No log output captured.</div></td></tr></tbody>
      <tbody class="passed results-table-row">
        <tr>
          <td class="col-result">Passed</td>
          <td class="col-name">test_reponsive.py::test_mobile_layout</td>
          <td class="col-duration">16.77</td>
          <td class="col-links"></td></tr>
        <tr>
          <td class="extra" colspan="4">
            <div class="log"> ------------------------------Captured stdout call------------------------------ <br/>Mobile layout test passed successfully.
<br/></div></td></tr></tbody>
      <tbody class="passed results-table-row">
        <tr>
          <td class="col-result">Passed</td>
          <td class="col-name">test_search.py::test_user_login</td>
          <td class="col-duration">15.28</td>
          <td class="col-links"></td></tr>
        <tr>
          <td class="extra" colspan="4">
            <div class="empty log">No log output captured.</div></td></tr></tbody>
      <tbody class="passed results-table-row">
        <tr>
          <td class="col-result">Passed</td>
          <td class="col-name">test_search.py::test_user_invalid_login_pass</td>
          <td class="col-duration">14.51</td>
          <td class="col-links"></td></tr>
        <tr>
          <td class="extra" colspan="4">
            <div class="empty log">No log output captured.</div></td></tr></tbody>
      <tbody class="passed results-table-row">
        <tr>
          <td class="col-result">Passed</td>
          <td class="col-name">test_search.py::test_user_invalid_login_email</td>
          <td class="col-duration">14.73</td>
          <td class="col-links"></td></tr>
        <tr>
          <td class="extra" colspan="4">
            <div class="empty log">No log output captured.</div></td></tr></tbody>
      <tbody class="passed results-table-row">
        <tr>
          <td class="col-result">Passed</td>
          <td class="col-name">test_search.py::test_user_empty_login</td>
          <td class="col-duration">14.81</td>
          <td class="col-links"></td></tr>
        <tr>
          <td class="extra" colspan="4">
            <div class="empty log">No log output captured.</div></td></tr></tbody>
      <tbody class="passed results-table-row">
        <tr>
          <td class="col-result">Passed</td>
          <td class="col-name">test_search.py::test_user_logout</td>
          <td class="col-duration">18.72</td>
          <td class="col-links"></td></tr>
        <tr>
          <td class="extra" colspan="4">
            <div class="empty log">No log output captured.</div></td></tr></tbody>
      <tbody class="passed results-table-row">
        <tr>
          <td class="col-result">Passed</td>
          <td class="col-name">test_search.py::test_search_product</td>
          <td class="col-duration">16.79</td>
          <td class="col-links"></td></tr>
        <tr>
          <td class="extra" colspan="4">
            <div class="empty log">No log output captured.</div></td></tr></tbody>
      <tbody class="passed results-table-row">
        <tr>
          <td class="col-result">Passed</td>
          <td class="col-name">test_search.py::test_search_product_invalid_keywords</td>
          <td class="col-duration">16.73</td>
          <td class="col-links"></td></tr>
        <tr>
          <td class="extra" colspan="4">
            <div class="empty log">No log output captured.</div></td></tr></tbody>
      <tbody class="passed results-table-row">
        <tr>
          <td class="col-result">Passed</td>
          <td class="col-name">test_search.py::test_search_emptyt</td>
          <td class="col-duration">17.08</td>
          <td class="col-links"></td></tr>
        <tr>
          <td class="extra" colspan="4">
            <div class="empty log">No log output captured.</div></td></tr></tbody>
      <tbody class="passed results-table-row">
        <tr>
          <td class="col-result">Passed</td>
          <td class="col-name">test_search.py::test_search_uppercase_lower_product</td>
          <td class="col-duration">18.79</td>
          <td class="col-links"></td></tr>
        <tr>
          <td class="extra" colspan="4">
            <div class="empty log">No log output captured.</div></td></tr></tbody></table></body></html>